<?xml version="1.0" encoding="UTF-8"?>
<!-- Generated by org.testng.reporters.JUnitXMLReporter -->
<testsuite hostname="Praneeth" ignored="0" name="Test" tests="1" failures="1" timestamp="21 Nov 2017 17:55:42 GMT" time="21.538" errors="0">
  <testcase name="method1" time="21.515" classname="com.jenkins.praneeth.Jenkins_Test2">
    <failure type="java.lang.AssertionError" message="expected [true] but found [false]">
      <![CDATA[java.lang.AssertionError: expected [true] but found [false]
	at com.jenkins.praneeth.Jenkins_Test2.method1(Jenkins_Test2.java:19)
... Removed 32 stack frames]]>
    </failure>
  </testcase> <!-- method1 -->
</testsuite> <!-- Test -->
